<?xml version="1.0" encoding="UTF-8"?>
<testng-results ignored="0" total="1" passed="1" failed="0" skipped="0">
  <reporter-output>
  </reporter-output>
  <suite started-at="2024-06-29T19:16:12 EET" name="Default suite" finished-at="2024-06-29T19:16:21 EET" duration-ms="8819">
    <groups>
    </groups>
    <test started-at="2024-06-29T19:16:12 EET" name="Default test" finished-at="2024-06-29T19:16:21 EET" duration-ms="8819">
      <class name="databaseTesting.myDataBaseTesting">
        <test-method is-config="true" signature="setUP()[pri:0, instance:databaseTesting.myDataBaseTesting@21005f6c]" started-at="2024-06-29T19:16:12 EET" name="setUP" finished-at="2024-06-29T19:16:13 EET" duration-ms="955" status="PASS">
          <reporter-output>
          </reporter-output>
        </test-method> <!-- setUP -->
        <test-method signature="getTheData()[pri:0, instance:databaseTesting.myDataBaseTesting@21005f6c]" started-at="2024-06-29T19:16:13 EET" name="getTheData" finished-at="2024-06-29T19:16:21 EET" duration-ms="7798" status="PASS">
          <reporter-output>
          </reporter-output>
        </test-method> <!-- getTheData -->
      </class> <!-- databaseTesting.myDataBaseTesting -->
    </test> <!-- Default test -->
  </suite> <!-- Default suite -->
</testng-results>
